<?xml version="1.0" encoding="UTF-8"?>
<!-- Generated by org.testng.reporters.JUnitReportReporter -->
<testsuite skipped="0" hostname="AITLA002488" name="testngAssigment.DuplicateLead" tests="3" failures="0" timestamp="2021-04-16T09:27:44 IST" time="65.254" errors="0">
  <testcase name="runDuplicateLead" time="22.244" classname="testngAssigment.DuplicateLead"/>
  <system-out/>
  <testcase name="runDuplicateLead" time="21.532" classname="testngAssigment.DuplicateLead"/>
  <system-out/>
  <testcase name="runDuplicateLead" time="21.478" classname="testngAssigment.DuplicateLead"/>
  <system-out/>
</testsuite> <!-- testngAssigment.DuplicateLead -->
