<?xml version="1.0" encoding="UTF-8"?>
<!-- Generated by org.testng.reporters.JUnitReportReporter -->
<testsuite skipped="0" hostname="AITLA002488" name="testcase1.MergeLead" tests="1" failures="0" timestamp="2021-04-10T16:28:52 IST" time="26.545" errors="0">
  <testcase name="runMergeLead" time="26.545" classname="testcase1.MergeLead"/>
  <system-out/>
</testsuite> <!-- testcase1.MergeLead -->
