<?xml version="1.0" encoding="UTF-8"?>
<!-- Generated by org.testng.reporters.JUnitReportReporter -->
<testsuite skipped="0" hostname="AITLA002488" name="testcase1.CreateLead" tests="5" failures="0" timestamp="2021-04-16T09:50:27 IST" time="85.479" errors="0">
  <testcase name="runCreateLead" time="20.018" classname="testcase1.CreateLead"/>
  <system-out/>
  <testcase name="runCreateLead" time="18.694" classname="testcase1.CreateLead"/>
  <system-out/>
  <testcase name="runCreateLead" time="16.115" classname="testcase1.CreateLead"/>
  <system-out/>
  <testcase name="runCreateLead" time="15.044" classname="testcase1.CreateLead"/>
  <system-out/>
  <testcase name="runCreateLead" time="15.608" classname="testcase1.CreateLead"/>
  <system-out/>
</testsuite> <!-- testcase1.CreateLead -->
