<?xml version="1.0" encoding="UTF-8"?>
<!-- Generated by org.testng.reporters.JUnitReportReporter -->
<testsuite skipped="0" hostname="AITLA002488" name="testngAssigment.CreateLead" tests="5" failures="0" timestamp="2021-04-16T09:27:44 IST" time="93.581" errors="0">
  <testcase name="runCreateLead" time="19.482" classname="testngAssigment.CreateLead"/>
  <system-out/>
  <testcase name="runCreateLead" time="18.254" classname="testngAssigment.CreateLead"/>
  <system-out/>
  <testcase name="runCreateLead" time="18.124" classname="testngAssigment.CreateLead"/>
  <system-out/>
  <testcase name="runCreateLead" time="19.787" classname="testngAssigment.CreateLead"/>
  <system-out/>
  <testcase name="runCreateLead" time="17.934" classname="testngAssigment.CreateLead"/>
  <system-out/>
</testsuite> <!-- testngAssigment.CreateLead -->
