<?xml version="1.0" encoding="UTF-8"?>
<!-- Generated by org.testng.reporters.JUnitReportReporter -->
<testsuite skipped="0" hostname="AITLA002488" name="testngAssigment.EditLead" tests="5" failures="0" timestamp="2021-04-16T09:27:44 IST" time="132.333" errors="0">
  <testcase name="runEditLead" time="26.996" classname="testngAssigment.EditLead"/>
  <system-out/>
  <testcase name="runEditLead" time="27.229" classname="testngAssigment.EditLead"/>
  <system-out/>
  <testcase name="runEditLead" time="25.320" classname="testngAssigment.EditLead"/>
  <system-out/>
  <testcase name="runEditLead" time="26.880" classname="testngAssigment.EditLead"/>
  <system-out/>
  <testcase name="runEditLead" time="25.908" classname="testngAssigment.EditLead"/>
  <system-out/>
</testsuite> <!-- testngAssigment.EditLead -->
