<?xml version="1.0" encoding="UTF-8"?>
<!-- Generated by org.testng.reporters.JUnitReportReporter -->
<testsuite skipped="0" hostname="AITLA002488" name="testngAssigment.DeleteLead" tests="4" failures="0" timestamp="2021-04-16T09:27:43 IST" time="94.385" errors="0">
  <testcase name="runDeleteLead" time="23.664" classname="testngAssigment.DeleteLead"/>
  <system-out/>
  <testcase name="runDeleteLead" time="24.258" classname="testngAssigment.DeleteLead"/>
  <system-out/>
  <testcase name="runDeleteLead" time="22.858" classname="testngAssigment.DeleteLead"/>
  <system-out/>
  <testcase name="runDeleteLead" time="23.605" classname="testngAssigment.DeleteLead"/>
  <system-out/>
</testsuite> <!-- testngAssigment.DeleteLead -->
