<?xml version="1.0" encoding="UTF-8"?>
<!-- Generated by org.testng.reporters.JUnitReportReporter -->
<testsuite skipped="0" hostname="AITLA002488" name="testcase1.DuplicateLead" tests="1" failures="0" timestamp="2021-04-10T16:24:39 IST" time="15.926" errors="0">
  <testcase name="runDuplicateLead" time="15.926" classname="testcase1.DuplicateLead"/>
  <system-out/>
</testsuite> <!-- testcase1.DuplicateLead -->
