<?xml version="1.0" encoding="UTF-8"?>
<!-- Generated by org.testng.reporters.JUnitReportReporter -->
<testsuite skipped="0" hostname="AITLA002488" name="testngAssigment.MergeLead" tests="3" failures="0" timestamp="2021-04-16T09:27:44 IST" time="77.232" errors="0">
  <testcase name="runMergeLead" time="24.662" classname="testngAssigment.MergeLead"/>
  <system-out/>
  <testcase name="runMergeLead" time="28.121" classname="testngAssigment.MergeLead"/>
  <system-out/>
  <testcase name="runMergeLead" time="24.449" classname="testngAssigment.MergeLead"/>
  <system-out/>
</testsuite> <!-- testngAssigment.MergeLead -->
