<?xml version="1.0" encoding="UTF-8"?>
<!-- Generated by org.testng.reporters.JUnitReportReporter -->
<testsuite skipped="0" hostname="AITLA002488" name="runner.TestRunner" tests="2" failures="0" timestamp="2021-04-23T10:28:01 IST" time="7.901" errors="0">
  <testcase name="runScenario" time="3.053" classname="runner.TestRunner"/>
  <system-out/>
  <testcase name="runScenario" time="4.848" classname="runner.TestRunner"/>
  <system-out/>
</testsuite> <!-- runner.TestRunner -->
