<?xml version="1.0" encoding="UTF-8"?>
<!-- Generated by org.testng.reporters.JUnitReportReporter -->
<testsuite skipped="0" hostname="AITLA002488" name="testcase1.EditLead" tests="1" failures="0" timestamp="2021-04-10T16:28:52 IST" time="22.025" errors="0">
  <testcase name="runEditLead" time="22.025" classname="testcase1.EditLead"/>
  <system-out/>
</testsuite> <!-- testcase1.EditLead -->
