<?xml version="1.0" encoding="UTF-8"?>
<!-- Generated by org.testng.reporters.JUnitReportReporter -->
<testsuite skipped="0" hostname="AITLA002488" name="testcase.LoginAndLogout" tests="2" failures="0" timestamp="2021-06-20T13:46:50 IST" time="16.821" errors="0">
  <testcase name="loginlogout" time="6.511" classname="testcase.LoginAndLogout"/>
  <system-out/>
  <testcase name="loginlogout" time="10.310" classname="testcase.LoginAndLogout"/>
  <system-out/>
</testsuite> <!-- testcase.LoginAndLogout -->
